== The Middleman is loading
[Listen warning]:
  Listen will be polling changes. Learn more at https://github.com/guard/listen#polling-fallback.

NoMethodError: undefined method `time' for 10:Fixnum
	/Users/shingukei/Dropbox/Workspace/MiddleMan/my_site/source/index.html.erb:2:in `evaluate_source'
	/Users/shingukei/.rvm/gems/ruby-1.9.3-p194/gems/tilt-1.3.3/lib/tilt/template.rb:209:in `instance_eval'
	/Users/shingukei/.rvm/gems/ruby-1.9.3-p194/gems/tilt-1.3.3/lib/tilt/template.rb:209:in `evaluate_source'
	/Users/shingukei/.rvm/gems/ruby-1.9.3-p194/gems/tilt-1.3.3/lib/tilt/template.rb:144:in `cached_evaluate'
	/Users/shingukei/.rvm/gems/ruby-1.9.3-p194/gems/tilt-1.3.3/lib/tilt/template.rb:127:in `evaluate'
	/Users/shingukei/.rvm/gems/ruby-1.9.3-p194/gems/tilt-1.3.3/lib/tilt/template.rb:76:in `render'
	/Users/shingukei/.rvm/gems/ruby-1.9.3-p194/gems/middleman-core-3.0.4/lib/middleman-core/core_extensions/rendering.rb:232:in `render_individual_file'
	/Users/shingukei/.rvm/gems/ruby-1.9.3-p194/gems/middleman-core-3.0.4/lib/middleman-core/core_extensions/rendering.rb:123:in `render_template'
	/Users/shingukei/.rvm/gems/ruby-1.9.3-p194/gems/middleman-core-3.0.4/lib/middleman-core/sitemap/resource.rb:132:in `block in render'
	/Users/shingukei/.rvm/gems/ruby-1.9.3-p194/gems/activesupport-3.2.8/lib/active_support/notifications.rb:125:in `instrument'
	/Users/shingukei/.rvm/gems/ruby-1.9.3-p194/gems/middleman-core-3.0.4/lib/middleman-core/util.rb:31:in `instrument'
	/Users/shingukei/.rvm/gems/ruby-1.9.3-p194/gems/middleman-core-3.0.4/lib/middleman-core/application.rb:219:in `instrument'
	/Users/shingukei/.rvm/gems/ruby-1.9.3-p194/gems/middleman-core-3.0.4/lib/middleman-core/sitemap/resource.rb:14:in `instrument'
	/Users/shingukei/.rvm/gems/ruby-1.9.3-p194/gems/middleman-core-3.0.4/lib/middleman-core/sitemap/resource.rb:118:in `render'
	/Users/shingukei/.rvm/gems/ruby-1.9.3-p194/gems/middleman-core-3.0.4/lib/middleman-core/core_extensions/request.rb:261:in `process_request'
	/Users/shingukei/.rvm/gems/ruby-1.9.3-p194/gems/middleman-core-3.0.4/lib/middleman-core/core_extensions/request.rb:204:in `block in call!'
	/Users/shingukei/.rvm/gems/ruby-1.9.3-p194/gems/middleman-core-3.0.4/lib/middleman-core/core_extensions/request.rb:203:in `catch'
	/Users/shingukei/.rvm/gems/ruby-1.9.3-p194/gems/middleman-core-3.0.4/lib/middleman-core/core_extensions/request.rb:203:in `call!'
	/Users/shingukei/.rvm/gems/ruby-1.9.3-p194/gems/middleman-core-3.0.4/lib/middleman-core/core_extensions/request.rb:188:in `call'
	/Users/shingukei/.rvm/gems/ruby-1.9.3-p194/gems/rack-1.4.1/lib/rack/builder.rb:134:in `call'
	/Users/shingukei/.rvm/gems/ruby-1.9.3-p194/gems/rack-1.4.1/lib/rack/urlmap.rb:64:in `block in call'
	/Users/shingukei/.rvm/gems/ruby-1.9.3-p194/gems/rack-1.4.1/lib/rack/urlmap.rb:49:in `each'
	/Users/shingukei/.rvm/gems/ruby-1.9.3-p194/gems/rack-1.4.1/lib/rack/urlmap.rb:49:in `call'
	/Users/shingukei/.rvm/gems/ruby-1.9.3-p194/gems/rack-1.4.1/lib/rack/showexceptions.rb:24:in `call'
	/Users/shingukei/.rvm/gems/ruby-1.9.3-p194/gems/rack-1.4.1/lib/rack/builder.rb:134:in `call'
	/Users/shingukei/.rvm/gems/ruby-1.9.3-p194/gems/rack-1.4.1/lib/rack/handler/webrick.rb:59:in `service'
	/Users/shingukei/.rbenv/versions/1.9.3-p194/lib/ruby/1.9.1/webrick/httpserver.rb:138:in `service'
	/Users/shingukei/.rbenv/versions/1.9.3-p194/lib/ruby/1.9.1/webrick/httpserver.rb:94:in `run'
	/Users/shingukei/.rbenv/versions/1.9.3-p194/lib/ruby/1.9.1/webrick/server.rb:191:in `block in start_thread'
NoMethodError: undefined method `time' for 10:Fixnum
	/Users/shingukei/Dropbox/Workspace/MiddleMan/my_site/source/index.html.erb:2:in `evaluate_source'
	/Users/shingukei/.rvm/gems/ruby-1.9.3-p194/gems/tilt-1.3.3/lib/tilt/template.rb:209:in `instance_eval'
	/Users/shingukei/.rvm/gems/ruby-1.9.3-p194/gems/tilt-1.3.3/lib/tilt/template.rb:209:in `evaluate_source'
	/Users/shingukei/.rvm/gems/ruby-1.9.3-p194/gems/tilt-1.3.3/lib/tilt/template.rb:144:in `cached_evaluate'
	/Users/shingukei/.rvm/gems/ruby-1.9.3-p194/gems/tilt-1.3.3/lib/tilt/template.rb:127:in `evaluate'
	/Users/shingukei/.rvm/gems/ruby-1.9.3-p194/gems/tilt-1.3.3/lib/tilt/template.rb:76:in `render'
	/Users/shingukei/.rvm/gems/ruby-1.9.3-p194/gems/middleman-core-3.0.4/lib/middleman-core/core_extensions/rendering.rb:232:in `render_individual_file'
	/Users/shingukei/.rvm/gems/ruby-1.9.3-p194/gems/middleman-core-3.0.4/lib/middleman-core/core_extensions/rendering.rb:123:in `render_template'
	/Users/shingukei/.rvm/gems/ruby-1.9.3-p194/gems/middleman-core-3.0.4/lib/middleman-core/sitemap/resource.rb:132:in `block in render'
	/Users/shingukei/.rvm/gems/ruby-1.9.3-p194/gems/activesupport-3.2.8/lib/active_support/notifications.rb:125:in `instrument'
	/Users/shingukei/.rvm/gems/ruby-1.9.3-p194/gems/middleman-core-3.0.4/lib/middleman-core/util.rb:31:in `instrument'
	/Users/shingukei/.rvm/gems/ruby-1.9.3-p194/gems/middleman-core-3.0.4/lib/middleman-core/application.rb:219:in `instrument'
	/Users/shingukei/.rvm/gems/ruby-1.9.3-p194/gems/middleman-core-3.0.4/lib/middleman-core/sitemap/resource.rb:14:in `instrument'
	/Users/shingukei/.rvm/gems/ruby-1.9.3-p194/gems/middleman-core-3.0.4/lib/middleman-core/sitemap/resource.rb:118:in `render'
	/Users/shingukei/.rvm/gems/ruby-1.9.3-p194/gems/middleman-core-3.0.4/lib/middleman-core/core_extensions/request.rb:261:in `process_request'
	/Users/shingukei/.rvm/gems/ruby-1.9.3-p194/gems/middleman-core-3.0.4/lib/middleman-core/core_extensions/request.rb:204:in `block in call!'
	/Users/shingukei/.rvm/gems/ruby-1.9.3-p194/gems/middleman-core-3.0.4/lib/middleman-core/core_extensions/request.rb:203:in `catch'
	/Users/shingukei/.rvm/gems/ruby-1.9.3-p194/gems/middleman-core-3.0.4/lib/middleman-core/core_extensions/request.rb:203:in `call!'
	/Users/shingukei/.rvm/gems/ruby-1.9.3-p194/gems/middleman-core-3.0.4/lib/middleman-core/core_extensions/request.rb:188:in `call'
	/Users/shingukei/.rvm/gems/ruby-1.9.3-p194/gems/rack-1.4.1/lib/rack/builder.rb:134:in `call'
	/Users/shingukei/.rvm/gems/ruby-1.9.3-p194/gems/rack-1.4.1/lib/rack/urlmap.rb:64:in `block in call'
	/Users/shingukei/.rvm/gems/ruby-1.9.3-p194/gems/rack-1.4.1/lib/rack/urlmap.rb:49:in `each'
	/Users/shingukei/.rvm/gems/ruby-1.9.3-p194/gems/rack-1.4.1/lib/rack/urlmap.rb:49:in `call'
	/Users/shingukei/.rvm/gems/ruby-1.9.3-p194/gems/rack-1.4.1/lib/rack/showexceptions.rb:24:in `call'
	/Users/shingukei/.rvm/gems/ruby-1.9.3-p194/gems/rack-1.4.1/lib/rack/builder.rb:134:in `call'
	/Users/shingukei/.rvm/gems/ruby-1.9.3-p194/gems/rack-1.4.1/lib/rack/handler/webrick.rb:59:in `service'
	/Users/shingukei/.rbenv/versions/1.9.3-p194/lib/ruby/1.9.1/webrick/httpserver.rb:138:in `service'
	/Users/shingukei/.rbenv/versions/1.9.3-p194/lib/ruby/1.9.1/webrick/httpserver.rb:94:in `run'
	/Users/shingukei/.rbenv/versions/1.9.3-p194/lib/ruby/1.9.1/webrick/server.rb:191:in `block in start_thread'
NoMethodError: undefined method `time' for 10:Fixnum
	/Users/shingukei/Dropbox/Workspace/MiddleMan/my_site/source/index.html.erb:4:in `block in singletonclass'
	/Users/shingukei/Dropbox/Workspace/MiddleMan/my_site/source/index.html.erb:65532:in `instance_eval'
	/Users/shingukei/Dropbox/Workspace/MiddleMan/my_site/source/index.html.erb:65532:in `singletonclass'
	/Users/shingukei/Dropbox/Workspace/MiddleMan/my_site/source/index.html.erb:65530:in `__tilt_70147803516720'
	/Users/shingukei/.rvm/gems/ruby-1.9.3-p194/gems/tilt-1.3.3/lib/tilt/template.rb:140:in `call'
	/Users/shingukei/.rvm/gems/ruby-1.9.3-p194/gems/tilt-1.3.3/lib/tilt/template.rb:140:in `cached_evaluate'
	/Users/shingukei/.rvm/gems/ruby-1.9.3-p194/gems/tilt-1.3.3/lib/tilt/template.rb:127:in `evaluate'
	/Users/shingukei/.rvm/gems/ruby-1.9.3-p194/gems/tilt-1.3.3/lib/tilt/template.rb:76:in `render'
	/Users/shingukei/.rvm/gems/ruby-1.9.3-p194/gems/middleman-core-3.0.4/lib/middleman-core/core_extensions/rendering.rb:232:in `render_individual_file'
	/Users/shingukei/.rvm/gems/ruby-1.9.3-p194/gems/middleman-core-3.0.4/lib/middleman-core/core_extensions/rendering.rb:123:in `render_template'
	/Users/shingukei/.rvm/gems/ruby-1.9.3-p194/gems/middleman-core-3.0.4/lib/middleman-core/sitemap/resource.rb:132:in `block in render'
	/Users/shingukei/.rvm/gems/ruby-1.9.3-p194/gems/activesupport-3.2.8/lib/active_support/notifications.rb:125:in `instrument'
	/Users/shingukei/.rvm/gems/ruby-1.9.3-p194/gems/middleman-core-3.0.4/lib/middleman-core/util.rb:31:in `instrument'
	/Users/shingukei/.rvm/gems/ruby-1.9.3-p194/gems/middleman-core-3.0.4/lib/middleman-core/application.rb:219:in `instrument'
	/Users/shingukei/.rvm/gems/ruby-1.9.3-p194/gems/middleman-core-3.0.4/lib/middleman-core/sitemap/resource.rb:14:in `instrument'
	/Users/shingukei/.rvm/gems/ruby-1.9.3-p194/gems/middleman-core-3.0.4/lib/middleman-core/sitemap/resource.rb:118:in `render'
	/Users/shingukei/.rvm/gems/ruby-1.9.3-p194/gems/middleman-core-3.0.4/lib/middleman-core/core_extensions/request.rb:261:in `process_request'
	/Users/shingukei/.rvm/gems/ruby-1.9.3-p194/gems/middleman-core-3.0.4/lib/middleman-core/core_extensions/request.rb:204:in `block in call!'
	/Users/shingukei/.rvm/gems/ruby-1.9.3-p194/gems/middleman-core-3.0.4/lib/middleman-core/core_extensions/request.rb:203:in `catch'
	/Users/shingukei/.rvm/gems/ruby-1.9.3-p194/gems/middleman-core-3.0.4/lib/middleman-core/core_extensions/request.rb:203:in `call!'
	/Users/shingukei/.rvm/gems/ruby-1.9.3-p194/gems/middleman-core-3.0.4/lib/middleman-core/core_extensions/request.rb:188:in `call'
	/Users/shingukei/.rvm/gems/ruby-1.9.3-p194/gems/rack-1.4.1/lib/rack/builder.rb:134:in `call'
	/Users/shingukei/.rvm/gems/ruby-1.9.3-p194/gems/rack-1.4.1/lib/rack/urlmap.rb:64:in `block in call'
	/Users/shingukei/.rvm/gems/ruby-1.9.3-p194/gems/rack-1.4.1/lib/rack/urlmap.rb:49:in `each'
	/Users/shingukei/.rvm/gems/ruby-1.9.3-p194/gems/rack-1.4.1/lib/rack/urlmap.rb:49:in `call'
	/Users/shingukei/.rvm/gems/ruby-1.9.3-p194/gems/rack-1.4.1/lib/rack/showexceptions.rb:24:in `call'
	/Users/shingukei/.rvm/gems/ruby-1.9.3-p194/gems/rack-1.4.1/lib/rack/builder.rb:134:in `call'
	/Users/shingukei/.rvm/gems/ruby-1.9.3-p194/gems/rack-1.4.1/lib/rack/handler/webrick.rb:59:in `service'
	/Users/shingukei/.rbenv/versions/1.9.3-p194/lib/ruby/1.9.1/webrick/httpserver.rb:138:in `service'
	/Users/shingukei/.rbenv/versions/1.9.3-p194/lib/ruby/1.9.1/webrick/httpserver.rb:94:in `run'
	/Users/shingukei/.rbenv/versions/1.9.3-p194/lib/ruby/1.9.1/webrick/server.rb:191:in `block in start_thread'
NoMethodError: undefined method `time' for 10:Fixnum
	/Users/shingukei/Dropbox/Workspace/MiddleMan/my_site/source/index.html.erb:4:in `block in singletonclass'
	/Users/shingukei/Dropbox/Workspace/MiddleMan/my_site/source/index.html.erb:65532:in `instance_eval'
	/Users/shingukei/Dropbox/Workspace/MiddleMan/my_site/source/index.html.erb:65532:in `singletonclass'
	/Users/shingukei/Dropbox/Workspace/MiddleMan/my_site/source/index.html.erb:65530:in `__tilt_70147803516720'
	/Users/shingukei/.rvm/gems/ruby-1.9.3-p194/gems/tilt-1.3.3/lib/tilt/template.rb:140:in `call'
	/Users/shingukei/.rvm/gems/ruby-1.9.3-p194/gems/tilt-1.3.3/lib/tilt/template.rb:140:in `cached_evaluate'
	/Users/shingukei/.rvm/gems/ruby-1.9.3-p194/gems/tilt-1.3.3/lib/tilt/template.rb:127:in `evaluate'
	/Users/shingukei/.rvm/gems/ruby-1.9.3-p194/gems/tilt-1.3.3/lib/tilt/template.rb:76:in `render'
	/Users/shingukei/.rvm/gems/ruby-1.9.3-p194/gems/middleman-core-3.0.4/lib/middleman-core/core_extensions/rendering.rb:232:in `render_individual_file'
	/Users/shingukei/.rvm/gems/ruby-1.9.3-p194/gems/middleman-core-3.0.4/lib/middleman-core/core_extensions/rendering.rb:123:in `render_template'
	/Users/shingukei/.rvm/gems/ruby-1.9.3-p194/gems/middleman-core-3.0.4/lib/middleman-core/sitemap/resource.rb:132:in `block in render'
	/Users/shingukei/.rvm/gems/ruby-1.9.3-p194/gems/activesupport-3.2.8/lib/active_support/notifications.rb:125:in `instrument'
	/Users/shingukei/.rvm/gems/ruby-1.9.3-p194/gems/middleman-core-3.0.4/lib/middleman-core/util.rb:31:in `instrument'
	/Users/shingukei/.rvm/gems/ruby-1.9.3-p194/gems/middleman-core-3.0.4/lib/middleman-core/application.rb:219:in `instrument'
	/Users/shingukei/.rvm/gems/ruby-1.9.3-p194/gems/middleman-core-3.0.4/lib/middleman-core/sitemap/resource.rb:14:in `instrument'
	/Users/shingukei/.rvm/gems/ruby-1.9.3-p194/gems/middleman-core-3.0.4/lib/middleman-core/sitemap/resource.rb:118:in `render'
	/Users/shingukei/.rvm/gems/ruby-1.9.3-p194/gems/middleman-core-3.0.4/lib/middleman-core/core_extensions/request.rb:261:in `process_request'
	/Users/shingukei/.rvm/gems/ruby-1.9.3-p194/gems/middleman-core-3.0.4/lib/middleman-core/core_extensions/request.rb:204:in `block in call!'
	/Users/shingukei/.rvm/gems/ruby-1.9.3-p194/gems/middleman-core-3.0.4/lib/middleman-core/core_extensions/request.rb:203:in `catch'
	/Users/shingukei/.rvm/gems/ruby-1.9.3-p194/gems/middleman-core-3.0.4/lib/middleman-core/core_extensions/request.rb:203:in `call!'
	/Users/shingukei/.rvm/gems/ruby-1.9.3-p194/gems/middleman-core-3.0.4/lib/middleman-core/core_extensions/request.rb:188:in `call'
	/Users/shingukei/.rvm/gems/ruby-1.9.3-p194/gems/rack-1.4.1/lib/rack/builder.rb:134:in `call'
	/Users/shingukei/.rvm/gems/ruby-1.9.3-p194/gems/rack-1.4.1/lib/rack/urlmap.rb:64:in `block in call'
	/Users/shingukei/.rvm/gems/ruby-1.9.3-p194/gems/rack-1.4.1/lib/rack/urlmap.rb:49:in `each'
	/Users/shingukei/.rvm/gems/ruby-1.9.3-p194/gems/rack-1.4.1/lib/rack/urlmap.rb:49:in `call'
	/Users/shingukei/.rvm/gems/ruby-1.9.3-p194/gems/rack-1.4.1/lib/rack/showexceptions.rb:24:in `call'
	/Users/shingukei/.rvm/gems/ruby-1.9.3-p194/gems/rack-1.4.1/lib/rack/builder.rb:134:in `call'
	/Users/shingukei/.rvm/gems/ruby-1.9.3-p194/gems/rack-1.4.1/lib/rack/handler/webrick.rb:59:in `service'
	/Users/shingukei/.rbenv/versions/1.9.3-p194/lib/ruby/1.9.1/webrick/httpserver.rb:138:in `service'
	/Users/shingukei/.rbenv/versions/1.9.3-p194/lib/ruby/1.9.1/webrick/httpserver.rb:94:in `run'
	/Users/shingukei/.rbenv/versions/1.9.3-p194/lib/ruby/1.9.1/webrick/server.rb:191:in `block in start_thread'
== The Middleman is standing watch on port 4567
== The Middleman is shutting down
